<?xml version="1.0" encoding="UTF-8"?>
<testsuite name="tests.AddClassTests" tests="1" skipped="0" failures="0" errors="0" timestamp="2018-12-12T16:42:40" hostname="UROBOROS" time="4.782">
  <properties/>
  <testcase name="addClass" classname="tests.AddClassTests" time="4.782"/>
  <system-out><![CDATA[]]></system-out>
  <system-err><![CDATA[]]></system-err>
</testsuite>
