<?xml version="1.0" encoding="UTF-8"?>
<testsuite name="tests.AdvisorTests" tests="1" skipped="0" failures="0" errors="0" timestamp="2018-12-12T16:42:45" hostname="UROBOROS" time="25.958">
  <properties/>
  <testcase name="advisorLogsInAsPlayer" classname="tests.AdvisorTests" time="25.958"/>
  <system-out><![CDATA[]]></system-out>
  <system-err><![CDATA[]]></system-err>
</testsuite>
