<?xml version="1.0" encoding="UTF-8"?>
<testsuite name="addressbook.tests.GroupDeletionTests" tests="1" skipped="0" failures="0" errors="0" timestamp="2018-05-14T11:47:53" hostname="UROBOROS" time="1.875">
  <properties/>
  <testcase name="testGroupDeletion" classname="addressbook.tests.GroupDeletionTests" time="1.875"/>
  <system-out><![CDATA[]]></system-out>
  <system-err><![CDATA[]]></system-err>
</testsuite>
