<?xml version="1.0" encoding="UTF-8"?>
<testsuite name="addressbook.tests.ContactCreationTests" tests="1" skipped="0" failures="0" errors="0" timestamp="2018-05-14T11:53:49" hostname="UROBOROS" time="8.909">
  <properties/>
  <testcase name="testContactCreation[0](ContactData{firstName='test 0', lastName='LastName 0', address='Address 0', id='0'})" classname="addressbook.tests.ContactCreationTests" time="8.909"/>
  <system-out><![CDATA[]]></system-out>
  <system-err><![CDATA[]]></system-err>
</testsuite>
