<?xml version="1.0" encoding="UTF-8"?>
<testsuite name="addressbook.tests.ContactDeletionTests" tests="1" skipped="0" failures="0" errors="0" timestamp="2018-05-08T12:37:17" hostname="UROBOROS" time="4.268">
  <properties/>
  <testcase name="testContactDeletion" classname="addressbook.tests.ContactDeletionTests" time="4.268"/>
  <system-out><![CDATA[]]></system-out>
  <system-err><![CDATA[]]></system-err>
</testsuite>
