<?xml version="1.0" encoding="UTF-8"?>
<testsuite name="addressbook.tests.ContactModificationTests" tests="1" skipped="0" failures="0" errors="0" timestamp="2018-05-08T12:37:23" hostname="UROBOROS" time="6.832">
  <properties/>
  <testcase name="testContactModification" classname="addressbook.tests.ContactModificationTests" time="6.832"/>
  <system-out><![CDATA[]]></system-out>
  <system-err><![CDATA[]]></system-err>
</testsuite>
