<?xml version="1.0" encoding="UTF-8"?>
<testsuite name="addressbook.tests.ContactPhoneTests" tests="2" skipped="0" failures="0" errors="0" timestamp="2018-05-08T12:37:30" hostname="UROBOROS" time="4.3">
  <properties/>
  <testcase name="testContactAddress" classname="addressbook.tests.ContactPhoneTests" time="2.234"/>
  <testcase name="testContactPhones" classname="addressbook.tests.ContactPhoneTests" time="2.066"/>
  <system-out><![CDATA[]]></system-out>
  <system-err><![CDATA[]]></system-err>
</testsuite>
