<?xml version="1.0" encoding="UTF-8"?>
<testsuite name="different.EquationTests" tests="3" skipped="0" failures="0" errors="0" timestamp="2018-05-08T12:37:34" hostname="UROBOROS" time="0.002">
  <properties/>
  <testcase name="test0" classname="different.EquationTests" time="0.001"/>
  <testcase name="test1" classname="different.EquationTests" time="0.001"/>
  <testcase name="test2" classname="different.EquationTests" time="0.0"/>
  <system-out><![CDATA[]]></system-out>
  <system-err><![CDATA[]]></system-err>
</testsuite>
